0 info it worked if it ends with ok
1 verbose cli [ 'node', '/usr/local/bin/npm', 'install', 'jade', '--global' ]
2 info using npm@1.4.28
3 info using node@v0.10.35
4 verbose cache add [ 'jade', null ]
5 verbose cache add name=undefined spec="jade" args=["jade",null]
6 verbose parsed url { protocol: null,
6 verbose parsed url   slashes: null,
6 verbose parsed url   auth: null,
6 verbose parsed url   host: null,
6 verbose parsed url   port: null,
6 verbose parsed url   hostname: null,
6 verbose parsed url   hash: null,
6 verbose parsed url   search: null,
6 verbose parsed url   query: null,
6 verbose parsed url   pathname: 'jade',
6 verbose parsed url   path: 'jade',
6 verbose parsed url   href: 'jade' }
7 silly lockFile 5bd60fae-jade jade
8 verbose lock jade /Users/Victor/.npm/5bd60fae-jade.lock
9 silly lockFile 5bd60fae-jade jade
10 silly lockFile 5bd60fae-jade jade
11 verbose addNamed [ 'jade', '' ]
12 verbose addNamed [ null, '*' ]
13 silly lockFile 51d481b2-jade jade@
14 verbose lock jade@ /Users/Victor/.npm/51d481b2-jade.lock
15 silly addNameRange { name: 'jade', range: '*', hasData: false }
16 verbose request where is /jade
17 verbose request registry https://registry.npmjs.org/
18 verbose request id 41549318976d59f5
19 verbose url raw /jade
20 verbose url resolving [ 'https://registry.npmjs.org/', './jade' ]
21 verbose url resolved https://registry.npmjs.org/jade
22 verbose request where is https://registry.npmjs.org/jade
23 info trying registry request attempt 1 at 09:04:08
24 verbose etag "4TMWN3450UFUUO931NNN6K096"
25 http GET https://registry.npmjs.org/jade
26 http 200 https://registry.npmjs.org/jade
27 silly registry.get cb [ 200,
27 silly registry.get   { date: 'Wed, 04 Mar 2015 17:04:08 GMT',
27 silly registry.get     server: 'CouchDB/1.5.0 (Erlang OTP/R16B03)',
27 silly registry.get     etag: '"8Z1225REP3XKE8E3CMLVA7LAD"',
27 silly registry.get     'content-type': 'application/json',
27 silly registry.get     'cache-control': 'max-age=60',
27 silly registry.get     'content-length': '141917',
27 silly registry.get     'accept-ranges': 'bytes',
27 silly registry.get     via: '1.1 varnish',
27 silly registry.get     age: '30',
27 silly registry.get     'x-served-by': 'cache-lax1432-LAX',
27 silly registry.get     'x-cache': 'HIT',
27 silly registry.get     'x-cache-hits': '2',
27 silly registry.get     'x-timer': 'S1425488648.933920,VS0,VE0',
27 silly registry.get     vary: 'Accept',
27 silly registry.get     'keep-alive': 'timeout=10, max=50',
27 silly registry.get     connection: 'Keep-Alive' } ]
28 silly addNameRange number 2 { name: 'jade', range: '*', hasData: true }
29 silly addNameRange versions [ 'jade',
29 silly addNameRange   [ '0.0.1',
29 silly addNameRange     '0.0.2',
29 silly addNameRange     '0.1.0',
29 silly addNameRange     '0.2.0',
29 silly addNameRange     '0.2.1',
29 silly addNameRange     '0.2.2',
29 silly addNameRange     '0.2.3',
29 silly addNameRange     '0.2.4',
29 silly addNameRange     '0.3.0',
29 silly addNameRange     '0.4.0',
29 silly addNameRange     '0.4.1',
29 silly addNameRange     '0.5.0',
29 silly addNameRange     '0.5.1',
29 silly addNameRange     '0.5.2',
29 silly addNameRange     '0.5.3',
29 silly addNameRange     '0.5.4',
29 silly addNameRange     '0.5.5',
29 silly addNameRange     '0.5.6',
29 silly addNameRange     '0.5.7',
29 silly addNameRange     '0.6.0',
29 silly addNameRange     '0.6.1',
29 silly addNameRange     '0.6.3',
29 silly addNameRange     '0.7.0',
29 silly addNameRange     '0.7.1',
29 silly addNameRange     '0.8.0',
29 silly addNameRange     '0.8.1',
29 silly addNameRange     '0.8.2',
29 silly addNameRange     '0.8.3',
29 silly addNameRange     '0.8.4',
29 silly addNameRange     '0.8.5',
29 silly addNameRange     '0.8.6',
29 silly addNameRange     '0.8.7',
29 silly addNameRange     '0.8.8',
29 silly addNameRange     '0.8.9',
29 silly addNameRange     '0.9.0',
29 silly addNameRange     '0.9.1',
29 silly addNameRange     '0.9.2',
29 silly addNameRange     '0.9.3',
29 silly addNameRange     '0.10.0',
29 silly addNameRange     '0.10.1',
29 silly addNameRange     '0.10.2',
29 silly addNameRange     '0.10.3',
29 silly addNameRange     '0.10.4',
29 silly addNameRange     '0.10.5',
29 silly addNameRange     '0.10.6',
29 silly addNameRange     '0.10.7',
29 silly addNameRange     '0.11.0',
29 silly addNameRange     '0.11.1',
29 silly addNameRange     '0.12.0',
29 silly addNameRange     '0.12.1',
29 silly addNameRange     '0.12.2',
29 silly addNameRange     '0.12.3',
29 silly addNameRange     '0.12.4',
29 silly addNameRange     '0.13.0',
29 silly addNameRange     '0.14.0',
29 silly addNameRange     '0.14.1',
29 silly addNameRange     '0.14.2',
29 silly addNameRange     '0.15.0',
29 silly addNameRange     '0.15.1',
29 silly addNameRange     '0.15.2',
29 silly addNameRange     '0.15.3',
29 silly addNameRange     '0.15.4',
29 silly addNameRange     '0.16.0',
29 silly addNameRange     '0.16.1',
29 silly addNameRange     '0.16.2',
29 silly addNameRange     '0.16.3',
29 silly addNameRange     '0.16.4',
29 silly addNameRange     '0.17.0',
29 silly addNameRange     '0.18.0',
29 silly addNameRange     '0.19.0',
29 silly addNameRange     '0.20.0',
29 silly addNameRange     '0.20.1',
29 silly addNameRange     '0.20.2',
29 silly addNameRange     '0.20.3',
29 silly addNameRange     '0.21.0',
29 silly addNameRange     '0.22.0',
29 silly addNameRange     '0.22.1',
29 silly addNameRange     '0.23.0',
29 silly addNameRange     '0.24.0',
29 silly addNameRange     '0.25.0',
29 silly addNameRange     '0.26.0',
29 silly addNameRange     '0.26.1',
29 silly addNameRange     '0.26.2',
29 silly addNameRange     '0.26.3',
29 silly addNameRange     '0.27.0',
29 silly addNameRange     '0.27.1',
29 silly addNameRange     '0.27.2',
29 silly addNameRange     '0.27.3',
29 silly addNameRange     '0.27.4',
29 silly addNameRange     '0.27.5',
29 silly addNameRange     '0.27.6',
29 silly addNameRange     '0.27.7',
29 silly addNameRange     '0.28.0',
29 silly addNameRange     '0.28.1',
29 silly addNameRange     '0.28.2',
29 silly addNameRange     '0.29.0',
29 silly addNameRange     '0.30.0',
29 silly addNameRange     '0.31.0',
29 silly addNameRange     '0.31.1',
29 silly addNameRange     '0.31.2',
29 silly addNameRange     '0.32.0',
29 silly addNameRange     '0.33.0',
29 silly addNameRange     '0.34.0',
29 silly addNameRange     '0.34.1',
29 silly addNameRange     '0.35.0',
29 silly addNameRange     '1.0.0',
29 silly addNameRange     '1.0.1',
29 silly addNameRange     '1.0.2',
29 silly addNameRange     '1.1.0',
29 silly addNameRange     '1.1.1',
29 silly addNameRange     '1.1.2',
29 silly addNameRange     '1.1.3',
29 silly addNameRange     '1.1.4',
29 silly addNameRange     '1.1.5',
29 silly addNameRange     '1.2.0',
29 silly addNameRange     '1.3.0',
29 silly addNameRange     '1.3.1',
29 silly addNameRange     '1.4.0',
29 silly addNameRange     '1.4.1',
29 silly addNameRange     '1.4.2',
29 silly addNameRange     '1.5.0',
29 silly addNameRange     '1.6.0',
29 silly addNameRange     '1.7.0',
29 silly addNameRange     '1.8.0',
29 silly addNameRange     '1.8.1',
29 silly addNameRange     '1.8.2',
29 silly addNameRange     '1.9.0',
29 silly addNameRange     '1.9.1',
29 silly addNameRange     '1.9.2' ] ]
30 verbose addNamed [ 'jade', '1.9.2' ]
31 verbose addNamed [ '1.9.2', '1.9.2' ]
32 silly lockFile 20e0e06b-jade-1-9-2 jade@1.9.2
33 verbose lock jade@1.9.2 /Users/Victor/.npm/20e0e06b-jade-1-9-2.lock
34 silly lockFile 20e0e06b-jade-1-9-2 jade@1.9.2
35 silly lockFile 20e0e06b-jade-1-9-2 jade@1.9.2
36 silly lockFile 51d481b2-jade jade@
37 silly lockFile 51d481b2-jade jade@
38 silly resolved [ { name: 'jade',
38 silly resolved     description: 'A clean, whitespace-sensitive template language for writing HTML',
38 silly resolved     version: '1.9.2',
38 silly resolved     author: { name: 'TJ Holowaychuk', email: 'tj@vision-media.ca' },
38 silly resolved     maintainers: [ [Object], [Object], [Object] ],
38 silly resolved     license: 'MIT',
38 silly resolved     repository: { type: 'git', url: 'git://github.com/jadejs/jade' },
38 silly resolved     main: 'lib',
38 silly resolved     bin: { jade: './bin/jade.js' },
38 silly resolved     dependencies:
38 silly resolved      { 'character-parser': '1.2.1',
38 silly resolved        commander: '~2.6.0',
38 silly resolved        constantinople: '~3.0.1',
38 silly resolved        mkdirp: '~0.5.0',
38 silly resolved        transformers: '2.1.0',
38 silly resolved        'void-elements': '~2.0.1',
38 silly resolved        with: '~4.0.0' },
38 silly resolved     devDependencies:
38 silly resolved      { 'coffee-script': '*',
38 silly resolved        coveralls: '^2.11.2',
38 silly resolved        mocha: '*',
38 silly resolved        istanbul: '*',
38 silly resolved        markdown: '*',
38 silly resolved        stylus: '*',
38 silly resolved        should: '*',
38 silly resolved        less: '<2.0.0',
38 silly resolved        'uglify-js': '*',
38 silly resolved        browserify: '*',
38 silly resolved        linify: '*',
38 silly resolved        'less-file': '0.0.9',
38 silly resolved        express: '~4.10.4',
38 silly resolved        'browserify-middleware': '~4.1.0',
38 silly resolved        twbs: '0.0.6',
38 silly resolved        'highlight-codemirror': '~4.1.0',
38 silly resolved        inconsolata: '0.0.2',
38 silly resolved        'jade-code-mirror': '~1.0.5',
38 silly resolved        'code-mirror': '~3.22.0',
38 silly resolved        handle: '~1.0.0',
38 silly resolved        'jade-highlighter': '~1.0.5',
38 silly resolved        marked: '~0.3.2',
38 silly resolved        stop: '^3.0.0-rc1',
38 silly resolved        opener: '^1.3.0',
38 silly resolved        'github-basic': '^4.1.2',
38 silly resolved        'pull-request': '^3.0.0',
38 silly resolved        lsr: '^1.0.0',
38 silly resolved        rimraf: '^2.2.8' },
38 silly resolved     component: { scripts: [Object] },
38 silly resolved     scripts:
38 silly resolved      { test: 'mocha -R spec',
38 silly resolved        precoverage: 'rimraf coverage && rimraf cov-pt*',
38 silly resolved        coverage: 'istanbul cover --report none --dir cov-pt0 node_modules/mocha/bin/_mocha -- -R dot',
38 silly resolved        postcoverage: 'istanbul report --include cov-pt\\*/coverage.json && rimraf cov-pt*',
38 silly resolved        coveralls: 'npm run coverage && cat ./coverage/lcov.info | coveralls',
38 silly resolved        prepublish: 'npm prune && linify transform bin && npm run build',
38 silly resolved        build: 'npm run compile',
38 silly resolved        compile: 'npm run compile-full && npm run compile-runtime',
38 silly resolved        'compile-full': 'browserify ./lib/index.js --standalone jade -x ./node_modules/transformers > jade.js',
38 silly resolved        'compile-runtime': 'browserify ./lib/runtime.js --standalone jade > runtime.js' },
38 silly resolved     browser: { fs: false, './lib/filters.js': './lib/filters-client.js' },
38 silly resolved     homepage: 'http://jade-lang.com',
38 silly resolved     gitHead: '6cc6acfd07a1905ff2e6782a2e06c90e91796ad4',
38 silly resolved     bugs: { url: 'https://github.com/jadejs/jade/issues' },
38 silly resolved     _id: 'jade@1.9.2',
38 silly resolved     _shasum: '0b89f9c60d4ead2738e826ba7b2ccac9a5702abe',
38 silly resolved     _from: 'jade@',
38 silly resolved     _npmVersion: '2.4.1',
38 silly resolved     _nodeVersion: '1.1.0',
38 silly resolved     _npmUser: { name: 'forbeslindesay', email: 'forbes@lindesay.co.uk' },
38 silly resolved     dist:
38 silly resolved      { shasum: '0b89f9c60d4ead2738e826ba7b2ccac9a5702abe',
38 silly resolved        tarball: 'http://registry.npmjs.org/jade/-/jade-1.9.2.tgz' },
38 silly resolved     directories: {},
38 silly resolved     _resolved: 'https://registry.npmjs.org/jade/-/jade-1.9.2.tgz',
38 silly resolved     readme: 'ERROR: No README data found!' } ]
39 info install jade@1.9.2 into /usr/local/lib
40 info installOne jade@1.9.2
41 verbose lib/node_modules/jade unbuild
42 verbose tar unpack /Users/Victor/.npm/jade/1.9.2/package.tgz
43 silly lockFile 537c17f0--usr-local-lib-node-modules-jade tar:///usr/local/lib/node_modules/jade
44 verbose lock tar:///usr/local/lib/node_modules/jade /Users/Victor/.npm/537c17f0--usr-local-lib-node-modules-jade.lock
45 silly lockFile 12724e13-ictor-npm-jade-1-9-2-package-tgz tar:///Users/Victor/.npm/jade/1.9.2/package.tgz
46 verbose lock tar:///Users/Victor/.npm/jade/1.9.2/package.tgz /Users/Victor/.npm/12724e13-ictor-npm-jade-1-9-2-package-tgz.lock
47 silly gunzTarPerm modes [ '755', '644' ]
48 error Error: EACCES, mkdir '/usr/local/lib/node_modules/jade'
48 error  { [Error: EACCES, mkdir '/usr/local/lib/node_modules/jade']
48 error   errno: 3,
48 error   code: 'EACCES',
48 error   path: '/usr/local/lib/node_modules/jade',
48 error   fstream_type: 'Directory',
48 error   fstream_path: '/usr/local/lib/node_modules/jade',
48 error   fstream_class: 'DirWriter',
48 error   fstream_stack:
48 error    [ '/usr/local/lib/node_modules/npm/node_modules/fstream/lib/dir-writer.js:36:23',
48 error      '/usr/local/lib/node_modules/npm/node_modules/mkdirp/index.js:46:53',
48 error      'Object.oncomplete (fs.js:108:15)' ] }
49 error Please try running this command again as root/Administrator.
50 error System Darwin 14.1.0
51 error command "node" "/usr/local/bin/npm" "install" "jade" "--global"
52 error cwd /Users/Victor/Dropbox/Job/Web Class/Wei/05 Nodejs/5.1
53 error node -v v0.10.35
54 error npm -v 1.4.28
55 error path /usr/local/lib/node_modules/jade
56 error fstream_path /usr/local/lib/node_modules/jade
57 error fstream_type Directory
58 error fstream_class DirWriter
59 error code EACCES
60 error errno 3
61 error stack Error: EACCES, mkdir '/usr/local/lib/node_modules/jade'
62 error fstream_stack /usr/local/lib/node_modules/npm/node_modules/fstream/lib/dir-writer.js:36:23
62 error fstream_stack /usr/local/lib/node_modules/npm/node_modules/mkdirp/index.js:46:53
62 error fstream_stack Object.oncomplete (fs.js:108:15)
63 verbose exit [ 3, true ]
